<?xml version="1.0" encoding="UTF-8"?>
<testng-results skipped="0" failed="0" total="2" passed="2">
  <reporter-output>
  </reporter-output>
  <suite name="Default suite" duration-ms="28311" started-at="2019-10-04T12:17:53Z" finished-at="2019-10-04T12:18:21Z">
    <groups>
    </groups>
    <test name="Default test" duration-ms="28311" started-at="2019-10-04T12:17:53Z" finished-at="2019-10-04T12:18:21Z">
      <class name="com.crm.qa.testcases.LoginPageTest">
        <test-method status="PASS" signature="setUp()[pri:0, instance:com.crm.qa.testcases.LoginPageTest@e580929]" name="setUp" is-config="true" duration-ms="12504" started-at="2019-10-04T17:47:53Z" finished-at="2019-10-04T17:48:05Z">
          <reporter-output>
          </reporter-output>
        </test-method> <!-- setUp -->
        <test-method status="PASS" signature="loginPageTitleTest()[pri:1, instance:com.crm.qa.testcases.LoginPageTest@e580929]" name="loginPageTitleTest" duration-ms="46" started-at="2019-10-04T17:48:05Z" finished-at="2019-10-04T17:48:06Z">
          <reporter-output>
          </reporter-output>
        </test-method> <!-- loginPageTitleTest -->
        <test-method status="PASS" signature="tearDown()[pri:0, instance:com.crm.qa.testcases.LoginPageTest@e580929]" name="tearDown" is-config="true" duration-ms="140" started-at="2019-10-04T17:48:06Z" finished-at="2019-10-04T17:48:06Z">
          <reporter-output>
          </reporter-output>
        </test-method> <!-- tearDown -->
        <test-method status="PASS" signature="setUp()[pri:0, instance:com.crm.qa.testcases.LoginPageTest@e580929]" name="setUp" is-config="true" duration-ms="14938" started-at="2019-10-04T17:48:06Z" finished-at="2019-10-04T17:48:21Z">
          <reporter-output>
          </reporter-output>
        </test-method> <!-- setUp -->
        <test-method status="PASS" signature="loginTest()[pri:2, instance:com.crm.qa.testcases.LoginPageTest@e580929]" name="loginTest" duration-ms="434" started-at="2019-10-04T17:48:21Z" finished-at="2019-10-04T17:48:21Z">
          <reporter-output>
          </reporter-output>
        </test-method> <!-- loginTest -->
        <test-method status="PASS" signature="tearDown()[pri:0, instance:com.crm.qa.testcases.LoginPageTest@e580929]" name="tearDown" is-config="true" duration-ms="231" started-at="2019-10-04T17:48:21Z" finished-at="2019-10-04T17:48:21Z">
          <reporter-output>
          </reporter-output>
        </test-method> <!-- tearDown -->
      </class> <!-- com.crm.qa.testcases.LoginPageTest -->
    </test> <!-- Default test -->
  </suite> <!-- Default suite -->
</testng-results>
